The system is: Windows - 10.0.22621 - AMD64
Compiling the C compiler identification source file "CMakeCCompilerId.c" succeeded.
Compiler:  
Build flags: 
Id flags:  

The output was:
0
MSBuild version 17.5.0+6f08c67f3 for .NET Framework
Compilaci¢n iniciada a las 09/03/2023 21:52:28.
Included response file: C:\Program Files\Microsoft Visual Studio\2022\Community\MSBuild\Current\Bin\amd64\MSBuild.rsp

Proyecto "C:\Users\Usuario\Desktop\glfw-3.3.8\build\CMakeFiles\3.25.3\CompilerIdC\CompilerIdC.vcxproj" en nodo 1 (destinos predeterminados).
PrepareForBuild:
  Creando directorio "Debug\".
  Creando directorio "Debug\CompilerIdC.tlog\".
InitializeBuildStatus:
  Se crear  "Debug\CompilerIdC.tlog\unsuccessfulbuild" porque se especific¢ "AlwaysCreate".
ClCompile:
  C:\Program Files\Microsoft Visual Studio\2022\Community\VC\Tools\MSVC\14.35.32215\bin\HostX64\x64\CL.exe /c /nologo /W0 /WX- /diagnostics:column /Od /D _MBCS /Gm- /EHsc /RTC1 /MDd /GS /fp:precise /Zc:wchar_t /Zc:forScope /Zc:inline /Fo"Debug\\" /Fd"Debug\vc143.pdb" /external:W0 /Gd /TC /FC /errorReport:queue CMakeCCompilerId.c
  CMakeCCompilerId.c
Link:
  C:\Program Files\Microsoft Visual Studio\2022\Community\VC\Tools\MSVC\14.35.32215\bin\HostX64\x64\link.exe /ERRORREPORT:QUEUE /OUT:".\CompilerIdC.exe" /INCREMENTAL:NO /NOLOGO kernel32.lib user32.lib gdi32.lib winspool.lib comdlg32.lib advapi32.lib shell32.lib ole32.lib oleaut32.lib uuid.lib odbc32.lib odbccp32.lib /MANIFEST /MANIFESTUAC:"level='asInvoker' uiAccess='false'" /manifest:embed /PDB:".\CompilerIdC.pdb" /SUBSYSTEM:CONSOLE /TLBID:1 /DYNAMICBASE /NXCOMPAT /IMPLIB:".\CompilerIdC.lib" /MACHINE:X64 Debug\CMakeCCompilerId.obj
  CompilerIdC.vcxproj -> C:\Users\Usuario\Desktop\glfw-3.3.8\build\CMakeFiles\3.25.3\CompilerIdC\CompilerIdC.exe
PostBuildEvent:
  for %%i in (cl.exe) do @echo CMAKE_C_COMPILER=%%~$PATH:i
  :VCEnd
  CMAKE_C_COMPILER=C:\Program Files\Microsoft Visual Studio\2022\Community\VC\Tools\MSVC\14.35.32215\bin\Hostx64\x64\cl.exe
FinalizeBuildStatus:
  Se eliminar  el archivo "Debug\CompilerIdC.tlog\unsuccessfulbuild".
  Aplicando tarea Touch a "Debug\CompilerIdC.tlog\CompilerIdC.lastbuildstate".
Compilaci¢n del proyecto terminada "C:\Users\Usuario\Desktop\glfw-3.3.8\build\CMakeFiles\3.25.3\CompilerIdC\CompilerIdC.vcxproj" (destinos predeterminados).

Compilaci¢n correcta.
    0 Advertencia(s)
    0 Errores

Tiempo transcurrido 00:00:00.68


Compilation of the C compiler identification source "CMakeCCompilerId.c" produced "CompilerIdC.exe"

Compilation of the C compiler identification source "CMakeCCompilerId.c" produced "CompilerIdC.vcxproj"

The C compiler identification is MSVC, found in "C:/Users/Usuario/Desktop/glfw-3.3.8/build/CMakeFiles/3.25.3/CompilerIdC/CompilerIdC.exe"

Detecting C compiler ABI info compiled with the following output:
Change Dir: C:/Users/Usuario/Desktop/glfw-3.3.8/build/CMakeFiles/CMakeScratch/TryCompile-j7klge

Run Build Command(s):C:/Program Files/Microsoft Visual Studio/2022/Community/MSBuild/Current/Bin/amd64/MSBuild.exe cmTC_ba0e0.vcxproj /p:Configuration=Debug /p:Platform=x64 /p:VisualStudioVersion=17.0 /v:m && MSBuild version 17.5.0+6f08c67f3 for .NET Framework

  Compilador de optimizaci¢n de C/C++ de Microsoft (R) versi¢n 19.35.32215 para x64
  CMakeCCompilerABI.c
  (C) Microsoft Corporation. Todos los derechos reservados.
  cl /c /Zi /W1 /WX- /diagnostics:column /Od /Ob0 /D _MBCS /D WIN32 /D _WINDOWS /D "CMAKE_INTDIR=\"Debug\"" /Gm- /RTC1 /MDd /GS /fp:precise /Zc:wchar_t /Zc:forScope /Zc:inline /Fo"cmTC_ba0e0.dir\Debug\\" /Fd"cmTC_ba0e0.dir\Debug\vc143.pdb" /external:W1 /Gd /TC /errorReport:queue "C:\Program Files\CMake\share\cmake-3.25\Modules\CMakeCCompilerABI.c"
  cmTC_ba0e0.vcxproj -> C:\Users\Usuario\Desktop\glfw-3.3.8\build\CMakeFiles\CMakeScratch\TryCompile-j7klge\Debug\cmTC_ba0e0.exe



